<?xml version="1.0" encoding="UTF-8"?>
<!-- Generated by org.testng.reporters.JUnitReportReporter -->
<testsuite hostname="Vamika" failures="0" tests="2" name="test_script.ManageFooterTest" time="46.749" errors="0" timestamp="2025-02-19T07:44:41 IST" skipped="0">
  <testcase classname="test_script.ManageFooterTest" name="verifyWhetherUpdateButtonIsDisplayed" time="19.788"/>
  <testcase classname="test_script.ManageFooterTest" name="verifyThatUserCanCreateManageFooterTextSuccessfully" time="26.961"/>
</testsuite> <!-- test_script.ManageFooterTest -->
