<?xml version="1.0" encoding="UTF-8"?>
<!-- Generated by org.testng.reporters.JUnitReportReporter -->
<testsuite hostname="Vamika" failures="0" tests="1" name="test_script.ManageNewsTest" time="10.420" errors="0" timestamp="2025-02-19T07:51:47 IST" skipped="0">
  <testcase classname="test_script.ManageNewsTest" name="verifyThatUserCanCreateNewsSuccessfully" time="10.420"/>
</testsuite> <!-- test_script.ManageNewsTest -->
