<?xml version="1.0" encoding="UTF-8"?>
<!-- Generated by org.testng.reporters.JUnitReportReporter -->
<testsuite hostname="Vamika" failures="0" tests="1" name="test_script.ManageContactTest" time="19.502" errors="0" timestamp="2025-02-19T07:47:19 IST" skipped="0">
  <testcase classname="test_script.ManageContactTest" name="verifyThatUserCanCreateManageContactValuesSuccessfully" time="19.502"/>
</testsuite> <!-- test_script.ManageContactTest -->
