<?xml version="1.0" encoding="UTF-8"?>
<!-- Generated by org.testng.reporters.JUnitReportReporter -->
<testsuite hostname="Vamika" failures="0" tests="1" name="test_script.LogoutTest" time="16.008" errors="0" timestamp="2025-02-19T07:48:20 IST" skipped="0">
  <testcase classname="test_script.LogoutTest" name="verifyThatUserCanAbleToLogoutSuccessfully" time="16.008"/>
</testsuite> <!-- test_script.LogoutTest -->
