<?xml version="1.0" encoding="UTF-8"?>
<!-- Generated by org.testng.reporters.JUnitReportReporter -->
<testsuite hostname="Vamika" failures="0" tests="1" name="test_script.SubcategoryTest" time="22.919" errors="0" timestamp="2025-02-19T07:42:04 IST" skipped="0">
  <testcase classname="test_script.SubcategoryTest" name="verifyThatUserCanCreatCategoriesAndUploadImageSuccessfully" time="22.919"/>
</testsuite> <!-- test_script.SubcategoryTest -->
