<?xml version="1.0" encoding="UTF-8"?>
<!-- Generated by org.testng.reporters.JUnitReportReporter -->
<testsuite hostname="Vamika" failures="0" tests="2" name="test_script.LoginTest" time="92.796" errors="0" timestamp="2025-02-28T07:33:22 IST" skipped="0">
  <testcase classname="test_script.LoginTest" name="verifyTheUserIsAbleToLoginUsingValidCredentials" time="51.564"/>
  <testcase classname="test_script.LoginTest" name="verifyTheUserIsAbleToLoginUsingValidCredentials" time="41.232"/>
</testsuite> <!-- test_script.LoginTest -->
