<?xml version="1.0" encoding="UTF-8"?>
<!-- Generated by org.testng.reporters.JUnitReportReporter -->
<testsuite hostname="Vamika" failures="0" tests="2" name="test_script.ManageNewsTest" time="45.474" errors="0" timestamp="2025-02-26T12:47:01 IST" skipped="1">
  <testcase classname="test_script.ManageNewsTest" name="verifyThatUserCanCreateNewsSuccessfully" time="27.065"/>
  <testcase classname="test_script.ManageNewsTest" name="verifyThatUserCanCreateNewsSuccessfully" time="18.409">
    <skipped/>
  </testcase> <!-- verifyThatUserCanCreateNewsSuccessfully -->
</testsuite> <!-- test_script.ManageNewsTest -->
