<?xml version="1.0" encoding="UTF-8"?>
<!-- Generated by org.testng.reporters.JUnitReportReporter -->
<testsuite hostname="Vamika" failures="0" tests="1" name="test_script.ManageCategoryTest" time="17.313" errors="0" timestamp="2025-02-19T07:47:47 IST" skipped="0">
  <testcase classname="test_script.ManageCategoryTest" name="verifyThatUserCanDeleteCategorySuccessfully" time="17.313"/>
</testsuite> <!-- test_script.ManageCategoryTest -->
