<?xml version="1.0" encoding="UTF-8"?>
<!-- Generated by org.testng.reporters.JUnitReportReporter -->
<testsuite hostname="Vamika" failures="0" tests="1" name="test_script.LogoutTest" time="12.605" errors="0" timestamp="2025-02-20T07:32:00 IST" skipped="0">
  <testcase classname="test_script.LogoutTest" name="verifyThatUserCanAbleToLogoutSuccessfully" time="12.605"/>
</testsuite> <!-- test_script.LogoutTest -->
