<?xml version="1.0" encoding="UTF-8"?>
<!-- Generated by org.testng.reporters.JUnitReportReporter -->
<testsuite hostname="Vamika" failures="0" tests="4" name="test_script.LoginTest" time="18.566" errors="0" timestamp="2025-02-18T01:47:18 IST" skipped="0">
  <testcase classname="test_script.LoginTest" name="verifyTheUserIsAbleToLoginUsingInvalidUsernameInvalidPassword" time="5.497"/>
  <testcase classname="test_script.LoginTest" name="verifyTheUserIsAbleToLoginUsingInvalidUsernameValidPassword" time="4.795"/>
  <testcase classname="test_script.LoginTest" name="verifyTheUserIsAbleToLoginUsingValidCredentials" time="4.166"/>
  <testcase classname="test_script.LoginTest" name="verifyTheUserIsAbleToLoginUsingValidUsernameInvalidPassword" time="4.108"/>
</testsuite> <!-- test_script.LoginTest -->
