<?xml version="1.0" encoding="UTF-8"?>
<!-- Generated by org.testng.reporters.JUnitReportReporter -->
<testsuite hostname="Vamika" failures="0" tests="1" name="test_script.SubcategoryTest" time="20.321" errors="0" timestamp="2025-02-20T06:53:35 IST" skipped="0">
  <testcase classname="test_script.SubcategoryTest" name="verifyThatUserCanCreatCategoriesAndUploadImageSuccessfully" time="20.321"/>
</testsuite> <!-- test_script.SubcategoryTest -->
