<?xml version="1.0" encoding="UTF-8"?>
<!-- Generated by org.testng.reporters.JUnitReportReporter -->
<testsuite hostname="Vamika" failures="0" tests="2" name="test_script.AdminUserTest" time="18.495" errors="0" timestamp="2025-02-20T07:54:11 IST" skipped="0">
  <testcase classname="test_script.AdminUserTest" name="verifyWhetherSaveButtonIsDisplayed" time="7.927"/>
  <testcase classname="test_script.AdminUserTest" name="verifythatUsercanAddAdminUsersInformationsSuccessfully" time="10.568"/>
</testsuite> <!-- test_script.AdminUserTest -->
