<?xml version="1.0" encoding="UTF-8"?>
<!-- Generated by org.testng.reporters.JUnitReportReporter -->
<testsuite hostname="Vamika" failures="0" tests="1" name="test_script.AdminUserTest" time="10.805" errors="0" timestamp="2025-02-19T07:50:23 IST" skipped="0">
  <testcase classname="test_script.AdminUserTest" name="verifythatUsercanAddAdminUsersInformationsSuccessfully" time="10.805"/>
</testsuite> <!-- test_script.AdminUserTest -->
