<?xml version="1.0" encoding="UTF-8"?>
<!-- Generated by org.testng.reporters.JUnitReportReporter -->
<testsuite hostname="Vamika" failures="0" tests="2" name="test_script.ManageCategoryTest" time="44.544" errors="0" timestamp="2025-02-26T12:47:01 IST" skipped="1">
  <testcase classname="test_script.ManageCategoryTest" name="verifyThatUserCanDeleteCategorySuccessfully" time="29.581"/>
  <testcase classname="test_script.ManageCategoryTest" name="verifyThatUserCanDeleteCategorySuccessfully" time="14.963">
    <skipped/>
  </testcase> <!-- verifyThatUserCanDeleteCategorySuccessfully -->
</testsuite> <!-- test_script.ManageCategoryTest -->
